11819:M 03 Mar 14:09:13.364 * Increased maximum number of open files to 10032 (it was originally set to 4864).
                _._                                                  
           _.-``__ ''-._                                             
      _.-``    `.  `_.  ''-._           Redis 3.2.6 (00000000/0) 64 bit
  .-`` .-```.  ```\/    _.,_ ''-._                                   
 (    '      ,       .-`  | `,    )     Running in standalone mode
 |`-._`-...-` __...-.``-._|'` _.-'|     Port: 6379
 |    `-._   `._    /     _.-'    |     PID: 11819
  `-._    `-._  `-./  _.-'    _.-'                                   
 |`-._`-._    `-.__.-'    _.-'_.-'|                                  
 |    `-._`-._        _.-'_.-'    |           http://redis.io        
  `-._    `-._`-.__.-'_.-'    _.-'                                   
 |`-._`-._    `-.__.-'    _.-'_.-'|                                  
 |    `-._`-._        _.-'_.-'    |                                  
  `-._    `-._`-.__.-'_.-'    _.-'                                   
      `-._    `-.__.-'    _.-'                                       
          `-._        _.-'                                           
              `-.__.-'                                               

11819:M 03 Mar 14:09:13.370 # Server started, Redis version 3.2.6
11819:M 03 Mar 14:09:13.370 * DB loaded from disk: 0.001 seconds
11819:M 03 Mar 14:09:13.370 * The server is now ready to accept connections on port 6379
11819:signal-handler (1520122182) Received SIGTERM scheduling shutdown...
11819:M 04 Mar 08:09:42.740 # User requested shutdown...
11819:M 04 Mar 08:09:42.740 * Saving the final RDB snapshot before exiting.
11819:M 04 Mar 08:09:42.741 * DB saved on disk
11819:M 04 Mar 08:09:42.741 * Removing the pid file.
11819:M 04 Mar 08:09:42.741 # Redis is now ready to exit, bye bye...
